Tue Jun 15 12:03:03 CEST 2021

 ***********************
 * BABSMA version 19.1 *
 ***********************

 Babsma.f HI k,edge(k)           2   3647.0008206568491     
 Babsma.f HI k,edge(k)           3   8207.0035545063820     
 Babsma.f HI k,edge(k)           4   14588.002834593892     
 Babsma.f HI k,edge(k)           5   22794.000047787813     
 Babsma.f HI k,edge(k)           6   32915.002767557271     
 LAMBDA_MIN:3800
 LAMBDA_MAX:9200
 LAMBDA_STEP:0.006
 MODELINPUT:models/p5000_g+4.63_m0.0_t01_ip_z-0.15_a+0.00_c+0.00_n+0.00_o+0.00_r+0.00_s+0.00.interpol
 MARCS-FILE:.false.
 MODELOPAC:contopac/p5000_g+4.63_m0.0_t01_ip_z-0.15_a+0.00_c+0.00_n+0.00_o+0.00_r+0.00_s+0.00.interpolopac
 METALLICITY:-0.15
 ALPHA/Fe   :0.00
 HELIUM     :0.00
 R-PROCESS  :0.00
 S-PROCESS  :0.00
 INDIVIDUAL ABUNDANCES:0
 XIFIX:T
 Following atomic species included in molecular equilibrium:
 H  He Li Be B  C  N  O  F  Ne 
 Na Mg Al Si P  S  Cl Ar K  Ca 
 Sc Ti V  Cr Mn Fe Co Ni Cu Zn 
 Ga Ge As Se Br Kr Rb Sr Y  Zr 
 Nb Mo Tc Ru Rh Pd Ag Cd In Sn 
 Sb Te I  Xe Cs Ba La Ce Pr Nd 
 Pm Sm Eu Gd Tb Dy Ho Er Tm Yb 
 Lu Hf Ta W  Re Os Ir Pt Au Hg 
 Tl Pb Bi Po At Rn Fr Ra Ac Th 
 Pa U                          
 Found edge:    8207.0035545063820        8206.9975545063826        8207.0035545063820        8207.0095545063814     
        5501  wavelengths for continuum between:    3800.00000      and    9300.00000    
 metallicity changed by  -0.150000006      dex
  This is an ascii model 
 ppINTERPOL                                                  86   5000.00000       4.63000011               0   0.00000000    
 injon; after inquire, model format (marcsformat) is: FORMATTED                     
 UTPUT:          11           7
 WARNING! we do not use the model abundances!!!
 adopted abundances: 
   12.0000000       10.9300003       8.24000072       7.63000011       8.51000023       7.69000006       6.01999998       7.38000011       6.21999979       7.36000013       6.98999977       4.92999983       6.15999985       5.48999977       7.29999971       6.07999992    
 inabs done
 ELEMENT  ATOMIC NUMBER   LOG(ABUNDANCE)
     H             1       12.000
     He            2       10.930
     Li            3        0.900
     Be            4        1.230
     B             5        2.550
     C             6        8.240
     N             7        7.630
     O             8        8.510
     F             9        4.410
     Ne           10        7.690
     Na           11        6.020
     Mg           12        7.380
     Al           13        6.220
     Si           14        7.360
     P            15        5.210
     S            16        6.990
     Cl           17        5.350
     Ar           18        6.030
     K            19        4.930
     Ca           20        6.160
     Sc           21        3.020
     Ti           22        4.750
     V            23        3.850
     Cr           24        5.490
     Mn           25        5.240
     Fe           26        7.300
     Co           27        4.770
     Ni           28        6.080
     Cu           29        4.060
     Zn           30        4.450
     Ga           31        2.730
     Ge           32        3.430
     As           33        2.140
     Se           34        3.180
     Br           35        2.410
     Kr           36        3.100
     Rb           37        2.450
     Sr           38        2.770
     Y            39        2.060
     Zr           40        2.430
     Nb           41        1.270
     Mo           42        1.770
     Ru           44        1.690
     Rh           45        0.970
     Pd           46        1.510
     Ag           47        0.790
     Cd           48        1.620
     In           49        1.450
     Sn           50        1.850
     Sb           51        0.850
     Te           52        2.040
     I            53        1.360
     Xe           54        2.090
     Cs           55        0.920
     Ba           56        2.020
     La           57        0.980
     Ce           58        1.550
     Pr           59        0.430
     Nd           60        1.300
     Sm           62        0.850
     Eu           63        0.370
     Gd           64        0.960
     Tb           65        0.130
     Dy           66        0.990
     Ho           67        0.360
     Er           68        0.780
     Tm           69       -0.150
     Yb           70        0.930
     Lu           71       -0.090
     Hf           72        0.730
     Ta           73       -0.320
     W            74        0.960
     Re           75        0.080
     Os           76        1.100
     Ir           77        1.230
     Pt           78        1.490
     Au           79        0.860
     Hg           80        0.980
     Tl           81        0.750
     Pb           82        1.850
     Bi           83        0.500
     Th           90       -0.090
     U            92       -0.670
 MOLECPARTF. suppressing:         205  LaH                 (unknown D00)
 MOLECPARTF. suppressing:         208  LuH                 (unknown D00)
 MOLECPARTF. suppressing:         211  NbN                 (unknown D00)
 MOLECPARTF. suppressing:         230  SbH                 (unknown D00)
 MOLECPARTF. suppressing:         251  TeCl                (unknown D00)
 MOLECPARTF. suppressing:         266  Al+ H               (unknown D00)
 MOLECPARTF. suppressing:         266  As+ O               (unknown D00)
 MOLECPARTF. suppressing:         268  B + O               (unknown D00)
 H- electron affinity will be changed by -2dxi
  data may be added in IRWIN_molecule file
  to update older data from Tsuji
 using Tsuji's old data for C C C H             
 using Tsuji's old data for C C N               
 using Tsuji's old data for B B O               
 using Tsuji's old data for C -                 
 using Tsuji's old data for C H -               
 using Tsuji's old data for N O O -             
 using Tsuji's old data for N H H -             
 using Tsuji's old data for N N H H             
 using Tsuji's old data for N N H H H H         
 using Tsuji's old data for C N N               
 using Tsuji's old data for N C N               
 using Tsuji's old data for C C C C N N         
 using Tsuji's old data for N O O               
 using Tsuji's old data for N O O O             
 using Tsuji's old data for N N O               
 using Tsuji's old data for N N O O O O         
 using Tsuji's old data for H N O               
 using Tsuji's old data for H N O O             
 using Tsuji's old data for H N O O O           
 using Tsuji's old data for H C N O             
 using Tsuji's old data for O -                 
 using Tsuji's old data for O O -               
 using Tsuji's old data for H C H O             
 using Tsuji's old data for AlO O               
 using Tsuji's old data for Si-                 
 using Tsuji's old data for SiH H               
 using Tsuji's old data for SiH H H             
 using Tsuji's old data for SiSiC C             
 using Tsuji's old data for SiF F               
 using Tsuji's old data for SiClCl              
 using Tsuji's old data for P F F               
 using Tsuji's old data for S S O               
 using Tsuji's old data for S O O O             
 using Tsuji's old data for C ClCl              
 using Tsuji's old data for C ClClCl            
 using Tsuji's old data for C ClClClCl          
 using Tsuji's old data for ClO O               
 using Tsuji's old data for ClClO               
 using Tsuji's old data for S Cl                
 using Tsuji's old data for S ClCl              
 using Tsuji's old data for H ClO               
 using Tsuji's old data for C ClO               
 using Tsuji's old data for ScSc                
 using Tsuji's old data for ScN                 
 using Tsuji's old data for ScO O               
 using Tsuji's old data for ScScO               
 using Tsuji's old data for TiC C               
 using Tsuji's old data for TiF                 
 using Tsuji's old data for TiCl                
 using Tsuji's old data for V C C               
 using Tsuji's old data for V N                 
 using Tsuji's old data for V F F               
 using Tsuji's old data for V ClCl              
 using Tsuji's old data for CrN                 
 using Tsuji's old data for CrF                 
 using Tsuji's old data for CrF F               
 using Tsuji's old data for CrCl                
 using Tsuji's old data for CrClCl              
 using Tsuji's old data for MnO O               
 using Tsuji's old data for MnS S               
 using Tsuji's old data for MnF F               
 using Tsuji's old data for MnClCl              
 using Tsuji's old data for FeS                 
 using Tsuji's old data for FeF F               
 using Tsuji's old data for SrSrO               
 using Tsuji's old data for Y C C               
 using Tsuji's old data for Y C C C C           
 using Tsuji's old data for Y O O               
 using Tsuji's old data for Y Y O               
 using Tsuji's old data for Y F F               
 using Tsuji's old data for ZrH                 
 using Tsuji's old data for ZrC C               
 using Tsuji's old data for ZrS                 
 using Tsuji's old data for ZrF                 
 using Tsuji's old data for ZrCl                
 using Tsuji's old data for BaBaO               
 using Tsuji's old data for LaC C               
 using Tsuji's old data for LaN                 
 using Tsuji's old data for LaO O               
 using Tsuji's old data for LaLaO               
 using Tsuji's old data for LaLaO O             
 using Tsuji's old data for LaF F               
 using Tsuji's old data for CeC C               
 using Tsuji's old data for CeO O               
 using Tsuji's old data for CeS                 
 using Tsuji's old data for CeF                 
 using Tsuji's old data for NdC C               
 using Tsuji's old data for NdO                 
 using Tsuji's old data for NdO O               
 using Tsuji's old data for NdF                 
 using Tsuji's old data for NdF F               
 using Tsuji's old data for N N N H             
 using Tsuji's old data for C C H H H H H H     
 using Tsuji's old data for H C C C N           
 using Tsuji's old data for C C C C C H         
 using Tsuji's old data for C C H H H           
 using Tsuji's old data for C C C C H H H       
 using Tsuji's old data for C C C C H H H H     
 using Tsuji's old data for C C C C H           
 using Tsuji's old data for C C C C H H         
 using Tsuji's old data for C C C H H H         
 using Tsuji's old data for C C C H H           
 using Tsuji's old data for C C C C N           
 using Tsuji's old data for C H H H C N         
 using Tsuji's old data for C C C H H H H       
 using Tsuji's old data for C C C N             
 Atomic partition function data read
 H-      
  H      
 FeI     
 (H+H)   
 H2+     
 H2-     
 HeI     
 HeIff  P
 He-     
 C_I     
 C_II    
 C_Iff   
 CIIff  P
 C-      
 N_I     
 N_II    
 N-      
 O_I     
 O_II    
 O-      
 CO-     
 H2O-    
 MgI    P
 MgII   O
 AlI    O
 AlII   O
 SiI    P
 SiII   O
 CaI   bf
 CaII   O
 FeII    
 CHcont  
 OHcont  
 MgIff  P
 SiIff  P
 MeIff  O
 H2+H2   
 He+H2   
 H2+H    
 He+H    
 e-sc    
 H-sc    
 H2sc    
 He-sc   
tau,T,Pe,Pg,ro   1  5.985E-07   3113.0  7.024E-04  5.245E+01  2.562E-10
tau,T,Pe,Pg,ro   2  7.579E-07   3130.3  8.329E-04  6.212E+01  3.018E-10
tau,T,Pe,Pg,ro   3  9.460E-07   3150.8  9.927E-04  7.295E+01  3.521E-10
tau,T,Pe,Pg,ro   4  1.168E-06   3172.0  1.180E-03  8.511E+01  4.080E-10
tau,T,Pe,Pg,ro   5  1.432E-06   3193.5  1.396E-03  9.867E+01  4.699E-10
tau,T,Pe,Pg,ro   6  1.744E-06   3214.9  1.646E-03  1.139E+02  5.386E-10
tau,T,Pe,Pg,ro   7  2.115E-06   3236.4  1.934E-03  1.309E+02  6.153E-10
tau,T,Pe,Pg,ro   8  2.560E-06   3257.7  2.264E-03  1.501E+02  7.005E-10
tau,T,Pe,Pg,ro   9  3.093E-06   3278.9  2.643E-03  1.715E+02  7.953E-10
tau,T,Pe,Pg,ro  10  3.733E-06   3300.1  3.078E-03  1.955E+02  9.011E-10
tau,T,Pe,Pg,ro  11  4.505E-06   3321.2  3.577E-03  2.226E+02  1.019E-09
tau,T,Pe,Pg,ro  12  5.439E-06   3342.3  4.150E-03  2.531E+02  1.152E-09
tau,T,Pe,Pg,ro  13  6.569E-06   3363.4  4.806E-03  2.873E+02  1.299E-09
tau,T,Pe,Pg,ro  14  7.943E-06   3384.6  5.558E-03  3.257E+02  1.464E-09
tau,T,Pe,Pg,ro  15  9.616E-06   3405.8  6.421E-03  3.691E+02  1.649E-09
tau,T,Pe,Pg,ro  16  1.166E-05   3427.1  7.411E-03  4.180E+02  1.855E-09
tau,T,Pe,Pg,ro  17  1.415E-05   3448.6  8.545E-03  4.729E+02  2.086E-09
tau,T,Pe,Pg,ro  18  1.721E-05   3470.1  9.845E-03  5.347E+02  2.344E-09
tau,T,Pe,Pg,ro  19  2.097E-05   3491.8  1.133E-02  6.044E+02  2.633E-09
tau,T,Pe,Pg,ro  20  2.558E-05   3513.6  1.304E-02  6.829E+02  2.957E-09
tau,T,Pe,Pg,ro  21  3.126E-05   3535.5  1.500E-02  7.716E+02  3.321E-09
tau,T,Pe,Pg,ro  22  3.827E-05   3557.4  1.723E-02  8.714E+02  3.727E-09
tau,T,Pe,Pg,ro  23  4.694E-05   3579.5  1.979E-02  9.839E+02  4.182E-09
tau,T,Pe,Pg,ro  24  5.766E-05   3601.7  2.271E-02  1.111E+03  4.695E-09
tau,T,Pe,Pg,ro  25  7.094E-05   3623.9  2.606E-02  1.255E+03  5.268E-09
tau,T,Pe,Pg,ro  26  8.742E-05   3646.1  2.987E-02  1.416E+03  5.912E-09
tau,T,Pe,Pg,ro  27  1.079E-04   3668.5  3.423E-02  1.600E+03  6.636E-09
tau,T,Pe,Pg,ro  28  1.333E-04   3690.8  3.920E-02  1.807E+03  7.449E-09
tau,T,Pe,Pg,ro  29  1.650E-04   3713.2  4.486E-02  2.040E+03  8.363E-09
tau,T,Pe,Pg,ro  30  2.045E-04   3735.4  5.133E-02  2.306E+03  9.395E-09
tau,T,Pe,Pg,ro  31  2.538E-04   3757.7  5.868E-02  2.605E+03  1.055E-08
tau,T,Pe,Pg,ro  32  3.154E-04   3779.8  6.705E-02  2.945E+03  1.186E-08
tau,T,Pe,Pg,ro  33  3.925E-04   3801.8  7.656E-02  3.331E+03  1.334E-08
tau,T,Pe,Pg,ro  34  4.888E-04   3823.6  8.734E-02  3.766E+03  1.500E-08
tau,T,Pe,Pg,ro  35  6.095E-04   3845.3  9.959E-02  4.262E+03  1.688E-08
tau,T,Pe,Pg,ro  36  7.610E-04   3866.6  1.135E-01  4.825E+03  1.901E-08
tau,T,Pe,Pg,ro  37  9.510E-04   3887.8  1.292E-01  5.466E+03  2.141E-08
tau,T,Pe,Pg,ro  38  1.190E-03   3908.6  1.470E-01  6.194E+03  2.414E-08
tau,T,Pe,Pg,ro  39  1.490E-03   3929.1  1.671E-01  7.022E+03  2.723E-08
tau,T,Pe,Pg,ro  40  1.868E-03   3949.4  1.898E-01  7.965E+03  3.073E-08
tau,T,Pe,Pg,ro  41  2.343E-03   3969.3  2.156E-01  9.041E+03  3.471E-08
tau,T,Pe,Pg,ro  42  2.942E-03   3988.9  2.446E-01  1.026E+04  3.922E-08
tau,T,Pe,Pg,ro  43  3.696E-03   4008.4  2.774E-01  1.166E+04  4.436E-08
tau,T,Pe,Pg,ro  44  4.646E-03   4027.7  3.145E-01  1.325E+04  5.018E-08
tau,T,Pe,Pg,ro  45  5.845E-03   4047.1  3.566E-01  1.507E+04  5.681E-08
tau,T,Pe,Pg,ro  46  7.357E-03   4066.6  4.044E-01  1.714E+04  6.432E-08
tau,T,Pe,Pg,ro  47  9.262E-03   4086.4  4.589E-01  1.951E+04  7.286E-08
tau,T,Pe,Pg,ro  48  1.167E-02   4107.0  5.212E-01  2.219E+04  8.250E-08
tau,T,Pe,Pg,ro  49  1.470E-02   4128.5  5.929E-01  2.526E+04  9.344E-08
tau,T,Pe,Pg,ro  50  1.852E-02   4151.3  6.758E-01  2.874E+04  1.058E-07
tau,T,Pe,Pg,ro  51  2.332E-02   4175.8  7.721E-01  3.268E+04  1.196E-07
tau,T,Pe,Pg,ro  52  2.938E-02   4202.6  8.851E-01  3.715E+04  1.351E-07
tau,T,Pe,Pg,ro  53  3.697E-02   4231.9  1.018E+00  4.221E+04  1.525E-07
tau,T,Pe,Pg,ro  54  4.652E-02   4264.3  1.177E+00  4.790E+04  1.718E-07
tau,T,Pe,Pg,ro  55  5.847E-02   4301.3  1.367E+00  5.428E+04  1.930E-07
tau,T,Pe,Pg,ro  56  7.342E-02   4342.4  1.597E+00  6.143E+04  2.163E-07
tau,T,Pe,Pg,ro  57  9.209E-02   4388.9  1.876E+00  6.941E+04  2.418E-07
tau,T,Pe,Pg,ro  58  1.154E-01   4442.5  2.222E+00  7.827E+04  2.693E-07
tau,T,Pe,Pg,ro  59  1.443E-01   4503.1  2.648E+00  8.812E+04  2.991E-07
tau,T,Pe,Pg,ro  60  1.803E-01   4572.5  3.179E+00  9.904E+04  3.308E-07
tau,T,Pe,Pg,ro  61  2.250E-01   4652.1  3.843E+00  1.111E+05  3.646E-07
tau,T,Pe,Pg,ro  62  2.803E-01   4742.7  4.677E+00  1.245E+05  4.006E-07
tau,T,Pe,Pg,ro  63  3.489E-01   4845.9  5.728E+00  1.395E+05  4.388E-07
tau,T,Pe,Pg,ro  64  4.340E-01   4963.1  7.065E+00  1.564E+05  4.801E-07
tau,T,Pe,Pg,ro  65  5.400E-01   5095.9  8.798E+00  1.756E+05  5.249E-07
tau,T,Pe,Pg,ro  66  6.720E-01   5246.2  1.115E+01  1.979E+05  5.744E-07
 WARNING ! calculated gas pressure difference > 3%
 model rocalc=   6.27290206E-07  pgcalc=   223277.734      pgmod=   216720.422    
tau,T,Pe,Pg,ro  67  8.377E-01   5416.3  1.457E+01  2.233E+05  6.273E-07
 WARNING ! calculated gas pressure difference > 3%
 model rocalc=   6.78619244E-07  pgcalc=   250261.812      pgmod=   240602.406    
tau,T,Pe,Pg,ro  68  1.046E+00   5609.3  2.007E+01  2.503E+05  6.786E-07
 WARNING ! calculated gas pressure difference > 3%
 model rocalc=   7.21210256E-07  pgcalc=   276645.469      pgmod=   264849.938    
tau,T,Pe,Pg,ro  69  1.310E+00   5832.1  2.998E+01  2.766E+05  7.212E-07
 WARNING ! calculated gas pressure difference > 3%
 model rocalc=   7.47033880E-07  pgcalc=   298943.531      pgmod=   288005.094    
tau,T,Pe,Pg,ro  70  1.646E+00   6082.1  4.854E+01  2.989E+05  7.470E-07
tau,T,Pe,Pg,ro  71  2.075E+00   6356.1  8.312E+01  3.155E+05  7.541E-07
tau,T,Pe,Pg,ro  72  2.623E+00   6640.7  1.442E+02  3.297E+05  7.541E-07
tau,T,Pe,Pg,ro  73  3.320E+00   6901.0  2.344E+02  3.427E+05  7.540E-07
tau,T,Pe,Pg,ro  74  4.204E+00   7132.2  3.544E+02  3.551E+05  7.556E-07
tau,T,Pe,Pg,ro  75  5.322E+00   7339.7  5.059E+02  3.673E+05  7.592E-07
tau,T,Pe,Pg,ro  76  6.734E+00   7529.2  6.917E+02  3.795E+05  7.643E-07
tau,T,Pe,Pg,ro  77  8.515E+00   7704.1  9.145E+02  3.924E+05  7.719E-07
tau,T,Pe,Pg,ro  78  1.076E+01   7867.4  1.177E+03  4.059E+05  7.814E-07
tau,T,Pe,Pg,ro  79  1.360E+01   8024.6  1.490E+03  4.198E+05  7.919E-07
tau,T,Pe,Pg,ro  80  1.716E+01   8178.6  1.866E+03  4.350E+05  8.044E-07
tau,T,Pe,Pg,ro  81  2.166E+01   8329.6  2.312E+03  4.509E+05  8.180E-07
tau,T,Pe,Pg,ro  82  2.733E+01   8478.2  2.839E+03  4.683E+05  8.339E-07
tau,T,Pe,Pg,ro  83  3.448E+01   8625.3  3.462E+03  4.868E+05  8.512E-07
tau,T,Pe,Pg,ro  84  4.349E+01   8771.4  4.195E+03  5.066E+05  8.700E-07
tau,T,Pe,Pg,ro  85  5.485E+01   8916.9  5.057E+03  5.282E+05  8.912E-07
tau,T,Pe,Pg,ro  86  6.921E+01   9062.3  6.070E+03  5.517E+05  9.145E-07
  CONTROLE: k, R, tau, log10tau, T
           1   0.00000000       5.98549491E-07  -6.22289991       3113.02002    
           2   0.00000000       7.57879320E-07  -6.12039995       3130.28003    
           3   0.00000000       9.46019668E-07  -6.02409983       3150.82007    
           4   0.00000000       1.16842216E-06  -5.93240023       3171.97998    
           5   0.00000000       1.43152806E-06  -5.84420013       3193.46997    
           6   0.00000000       1.74381296E-06  -5.75850010       3214.94995    
           7   0.00000000       2.11543602E-06  -5.67460012       3236.36011    
           8   0.00000000       2.56035355E-06  -5.59170008       3257.67993    
           9   0.00000000       3.09314191E-06  -5.50960016       3278.92993    
          10   0.00000000       3.73336252E-06  -5.42789984       3300.11011    
          11   0.00000000       4.50505286E-06  -5.34630013       3321.18994    
          12   0.00000000       5.43875967E-06  -5.26450014       3342.27002    
          13   0.00000000       6.56901284E-06  -5.18249989       3363.41992    
          14   0.00000000       7.94328389E-06  -5.09999990       3384.58008    
          15   0.00000000       9.61611840E-06  -5.01700020       3405.81006    
          16   0.00000000       1.16573501E-05  -4.93340015       3427.13989    
          17   0.00000000       1.41546743E-05  -4.84910011       3448.56006    
          18   0.00000000       1.72147193E-05  -4.76410007       3470.12012    
          19   0.00000000       2.09652389E-05  -4.67850018       3491.78003    
          20   0.00000000       2.55799605E-05  -4.59210014       3513.58008    
          21   0.00000000       3.12607845E-05  -4.50500011       3535.46997    
          22   0.00000000       3.82736653E-05  -4.41709995       3557.41992    
          23   0.00000000       4.69353654E-05  -4.32849979       3579.53003    
          24   0.00000000       5.76633684E-05  -4.23909998       3601.65991    
          25   0.00000000       7.09414671E-05  -4.14909983       3623.89990    
          26   0.00000000       8.74177931E-05  -4.05840015       3646.14990    
          27   0.00000000       1.07894673E-04  -3.96700001       3668.48999    
          28   0.00000000       1.33321475E-04  -3.87509990       3690.84009    
          29   0.00000000       1.65006088E-04  -3.78250003       3713.15991    
          30   0.00000000       2.04503114E-04  -3.68930006       3735.44995    
          31   0.00000000       2.53804901E-04  -3.59549999       3757.68994    
          32   0.00000000       3.15427780E-04  -3.50110006       3779.82007    
          33   0.00000000       3.92464222E-04  -3.40619993       3801.78003    
          34   0.00000000       4.88764897E-04  -3.31089997       3823.62988    
          35   0.00000000       6.09537004E-04  -3.21499991       3845.28003    
          36   0.00000000       7.61027099E-04  -3.11859989       3866.64990    
          37   0.00000000       9.51042573E-04  -3.02180004       3887.78003    
          38   0.00000000       1.18987134E-03  -2.92449999       3908.58008    
          39   0.00000000       1.49004674E-03  -2.82680011       3929.13989    
          40   0.00000000       1.86766975E-03  -2.72869992       3949.35010    
          41   0.00000000       2.34260969E-03  -2.63030005       3969.30005    
          42   0.00000000       2.94171111E-03  -2.53139997       3988.94995    
          43   0.00000000       3.69572733E-03  -2.43230009       4008.37988    
          44   0.00000000       4.64622211E-03  -2.33290005       4027.68994    
          45   0.00000000       5.84520726E-03  -2.23320007       4047.06006    
          46   0.00000000       7.35698594E-03  -2.13330007       4066.58008    
          47   0.00000000       9.26189963E-03  -2.03329992       4086.42993    
          48   0.00000000       1.16654104E-02  -1.93309999       4107.02002    
          49   0.00000000       1.46994125E-02  -1.83270001       4128.47998    
          50   0.00000000       1.85182542E-02  -1.73239994       4151.29980    
          51   0.00000000       2.33238377E-02  -1.63220000       4175.83984    
          52   0.00000000       2.93764994E-02  -1.53199995       4202.56006    
          53   0.00000000       3.69742997E-02  -1.43210006       4231.85010    
          54   0.00000000       4.65157516E-02  -1.33239996       4264.31006    
          55   0.00000000       5.84655367E-02  -1.23310006       4301.27979    
          56   0.00000000       7.34175742E-02  -1.13419998       4342.39990    
          57   0.00000000       9.20873582E-02  -1.03579998       4388.85010    
          58   0.00000000      0.115371883     -0.937900007       4442.45020    
          59   0.00000000      0.144344419     -0.840600014       4503.08984    
          60   0.00000000      0.180301771     -0.744000018       4572.54980    
          61   0.00000000      0.224957258     -0.647899985       4652.08008    
          62   0.00000000      0.280285090     -0.552399993       4742.70996    
          63   0.00000000      0.348899215     -0.457300007       4845.93994    
          64   0.00000000      0.434010237     -0.362500012       4963.10010    
          65   0.00000000      0.540007770     -0.267600000       5095.89990    
          66   0.00000000      0.672047555     -0.172600001       5246.16992    
          67   0.00000000      0.837722182      -7.68999830E-02   5416.27002    
          68   0.00000000       1.04616451       1.95999853E-02   5609.27002    
          69   0.00000000       1.31038833      0.117400013       5832.12988    
          70   0.00000000       1.64588690      0.216399997       6082.14990    
          71   0.00000000       2.07491350      0.317000002       6356.14014    
          72   0.00000000       2.62301040      0.418799996       6640.72998    
          73   0.00000000       3.32047343      0.521200001       6901.02979    
          74   0.00000000       4.20436144      0.623700023       7132.22021    
          75   0.00000000       5.32230806      0.726100028       7339.68994    
          76   0.00000000       6.73441696      0.828299999       7529.16016    
          77   0.00000000       8.51530075      0.930199981       7704.14990    
          78   0.00000000       10.7621746       1.03190005       7867.35986    
          79   0.00000000       13.5956497       1.13339996       8024.56006    
          80   0.00000000       17.1632671       1.23459995       8178.56982    
          81   0.00000000       21.6620731       1.33570004       8329.58008    
          82   0.00000000       27.3337975       1.43669999       8478.19043    
          83   0.00000000       34.4826012       1.53760004       8625.26953    
          84   0.00000000       43.4910583       1.63839996       8771.37012    
          85   0.00000000       54.8529510       1.73920000       8916.87988    
          86   0.00000000       69.2149582       1.84019995       9062.25977    

 **************************************************
 * BSYN version 19.1                              *
 * Warning, now Flux is so that F=sigma.Teff^4 !  *
 * consistent with MARCS.                         *
 * Versions 10.1 and lower give f=sigma.Teff^4/pi *
 **************************************************


         200         150    10000000

 LAMBDA_MIN:3800
 LAMBDA_MAX:9200
 LAMBDA_STEP:0.006
 INTENSITY/FLUX:Flux
 COS(THETA)    :1.00
 ABFIND        :.false.
 MODELOPAC:contopac/p5000_g+4.63_m0.0_t01_ip_z-0.15_a+0.00_c+0.00_n+0.00_o+0.00_r+0.00_s+0.00.interpolopac
 RESULTFILE :output_spec/p5000_g+4.63_m0.0_t01_ip_z-0.15_a+0.00_c+0.00_n+0.00_o+0.00_r+0.00_s+0.00.interpol
 METALLICITY:-0.15
 ALPHA/Fe   :0.00
 HELIUM     :0.00
 R-PROCESS  :0.00
 S-PROCESS  :0.00
 INDIVIDUAL ABUNDANCES:0
 ISOTOPES :0
 NFILES   :2
 SPHERICAL:F
 Following atomic species included in molecular equilibrium:
 H  He Li Be B  C  N  O  F  Ne 
 Na Mg Al Si P  S  Cl Ar K  Ca 
 Sc Ti V  Cr Mn Fe Co Ni Cu Zn 
 Ga Ge As Se Br Kr Rb Sr Y  Zr 
 Nb Mo Tc Ru Rh Pd Ag Cd In Sn 
 Sb Te I  Xe Cs Ba La Ce Pr Nd 
 Pm Sm Eu Gd Tb Dy Ho Er Tm Yb 
 Lu Hf Ta W  Re Os Ir Pt Au Hg 
 Tl Pb Bi Po At Rn Fr Ra Ac Th 
 Pa U                          
 T  DATA/LISTE_molecules_all_v12.1.dat 
           2  line lists:
 DATA/Hlinedata 
 linelists/3500K_5000K_new.list 
 F          30   300.000000              15   1.29999995    
 dummy-output.dat 
  
 contopac/p5000_g+4.63_m0.0_t01_ip_z-0.15_a+0.00_c+0.00_n+0.00_o+0.00_r+0.00_s+0.00.interpolopac 
 output_spec/p5000_g+4.63_m0.0_t01_ip_z-0.15_a+0.00_c+0.00_n+0.00_o+0.00_r+0.00_s+0.00.interpol 
    Full molecular equilibrium, using:
       
      DATA/LISTE_molecules_all_v12.1.dat 
  
  Transfer treated in the plane parallel approximation
  
 metallicity changed by  -0.150000006      dex
 old abundh:  0.740940928    
 MODEL IDENTIFICATION=ppINTERPOL; MAIN PROGRAMME BSYN
 Bsyn; k, pgmod, pg_calc, romod, ro_calc
 ELEMENT  ATOMIC NUMBER   LOG(ABUNDANCE)
     H             1       12.000
     He            2       10.930
     Li            3        0.900
     Be            4        1.230
     B             5        2.550
     C             6        8.240
     N             7        7.630
     O             8        8.510
     F             9        4.410
     Ne           10        7.690
     Na           11        6.020
     Mg           12        7.380
     Al           13        6.220
     Si           14        7.360
     P            15        5.210
     S            16        6.990
     Cl           17        5.350
     Ar           18        6.030
     K            19        4.930
     Ca           20        6.160
     Sc           21        3.020
     Ti           22        4.750
     V            23        3.850
     Cr           24        5.490
     Mn           25        5.240
     Fe           26        7.300
     Co           27        4.770
     Ni           28        6.080
     Cu           29        4.060
     Zn           30        4.450
     Ga           31        2.730
     Ge           32        3.430
     As           33        2.140
     Se           34        3.180
     Br           35        2.410
     Kr           36        3.100
     Rb           37        2.450
     Sr           38        2.770
     Y            39        2.060
     Zr           40        2.430
     Nb           41        1.270
     Mo           42        1.770
     Ru           44        1.690
     Rh           45        0.970
     Pd           46        1.510
     Ag           47        0.790
     Cd           48        1.620
     In           49        1.450
     Sn           50        1.850
     Sb           51        0.850
     Te           52        2.040
     I            53        1.360
     Xe           54        2.090
     Cs           55        0.920
     Ba           56        2.020
     La           57        0.980
     Ce           58        1.550
     Pr           59        0.430
     Nd           60        1.300
     Sm           62        0.850
     Eu           63        0.370
     Gd           64        0.960
     Tb           65        0.130
     Dy           66        0.990
     Ho           67        0.360
     Er           68        0.780
     Tm           69       -0.150
     Yb           70        0.930
     Lu           71       -0.090
     Hf           72        0.730
     Ta           73       -0.320
     W            74        0.960
     Re           75        0.080
     Os           76        1.100
     Ir           77        1.230
     Pt           78        1.490
     Au           79        0.860
     Hg           80        0.980
     Tl           81        0.750
     Pb           82        1.850
     Bi           83        0.500
     Th           90       -0.090
     U            92       -0.670
 MOLECPARTF. suppressing:         205  LaH                 (unknown D00)
 MOLECPARTF. suppressing:         208  LuH                 (unknown D00)
 MOLECPARTF. suppressing:         211  NbN                 (unknown D00)
 MOLECPARTF. suppressing:         230  SbH                 (unknown D00)
 MOLECPARTF. suppressing:         251  TeCl                (unknown D00)
 MOLECPARTF. suppressing:         266  Al+ H               (unknown D00)
 MOLECPARTF. suppressing:         266  As+ O               (unknown D00)
 MOLECPARTF. suppressing:         268  B + O               (unknown D00)
 H- electron affinity will be changed by -2dxi
  data may be added in IRWIN_molecule file
  to update older data from Tsuji
 using Tsuji's old data for C C C H             
 using Tsuji's old data for C C N               
 using Tsuji's old data for B B O               
 using Tsuji's old data for C -                 
 using Tsuji's old data for C H -               
 using Tsuji's old data for N O O -             
 using Tsuji's old data for N H H -             
 using Tsuji's old data for N N H H             
 using Tsuji's old data for N N H H H H         
 using Tsuji's old data for C N N               
 using Tsuji's old data for N C N               
 using Tsuji's old data for C C C C N N         
 using Tsuji's old data for N O O               
 using Tsuji's old data for N O O O             
 using Tsuji's old data for N N O               
 using Tsuji's old data for N N O O O O         
 using Tsuji's old data for H N O               
 using Tsuji's old data for H N O O             
 using Tsuji's old data for H N O O O           
 using Tsuji's old data for H C N O             
 using Tsuji's old data for O -                 
 using Tsuji's old data for O O -               
 using Tsuji's old data for H C H O             
 using Tsuji's old data for AlO O               
 using Tsuji's old data for Si-                 
 using Tsuji's old data for SiH H               
 using Tsuji's old data for SiH H H             
 using Tsuji's old data for SiSiC C             
 using Tsuji's old data for SiF F               
 using Tsuji's old data for SiClCl              
 using Tsuji's old data for P F F               
 using Tsuji's old data for S S O               
 using Tsuji's old data for S O O O             
 using Tsuji's old data for C ClCl              
 using Tsuji's old data for C ClClCl            
 using Tsuji's old data for C ClClClCl          
 using Tsuji's old data for ClO O               
 using Tsuji's old data for ClClO               
 using Tsuji's old data for S Cl                
 using Tsuji's old data for S ClCl              
 using Tsuji's old data for H ClO               
 using Tsuji's old data for C ClO               
 using Tsuji's old data for ScSc                
 using Tsuji's old data for ScN                 
 using Tsuji's old data for ScO O               
 using Tsuji's old data for ScScO               
 using Tsuji's old data for TiC C               
 using Tsuji's old data for TiF                 
 using Tsuji's old data for TiCl                
 using Tsuji's old data for V C C               
 using Tsuji's old data for V N                 
 using Tsuji's old data for V F F               
 using Tsuji's old data for V ClCl              
 using Tsuji's old data for CrN                 
 using Tsuji's old data for CrF                 
 using Tsuji's old data for CrF F               

